--------------- 04-04-2025, 16:37:46 ---------------
| DC v1.1.22 gamma Rev. 662 -- x86_64-Win64-win32/win64
| Windows 11 24H2 x86_64 | PID 12348
Unhandled exception: EAccessViolation: Access violation
  Stack trace:
  $0000000100010001 in C:\Program Files\Double Commander\doublecmd.exe
  $00007FF66F54AFEF line 7720, column 30 of grids.pas in C:\Program Files\Double Commander\doublecmd.exe
  $00007FF66F556F46 line 11081, column 24 of grids.pas in C:\Program Files\Double Commander\doublecmd.exe
  $00007FF66F825F0E line 2315, column 3 of fileviews/ucolumnsfileview.pas in C:\Program Files\Double Commander\doublecmd.exe
  $00007FF66F47C70E line 5707, column 14 of include/wincontrol.inc in C:\Program Files\Double Commander\doublecmd.exe
  $00007FF66F47CA11 line 5838, column 7 of include/wincontrol.inc in C:\Program Files\Double Commander\doublecmd.exe
  $00007FF66F47F56D line 7206, column 6 of include/wincontrol.inc in C:\Program Files\Double Commander\doublecmd.exe
  $00007FF66F2D0F21 in C:\Program Files\Double Commander\doublecmd.exe
  $00007FF66F487B91 line 2304, column 24 of include/control.inc in C:\Program Files\Double Commander\doublecmd.exe
  $00007FF66F47BECD line 5434, column 28 of include/wincontrol.inc in C:\Program Files\Double Commander\doublecmd.exe
  $00007FF66F54367D line 5076, column 31 of grids.pas in C:\Program Files\Double Commander\doublecmd.exe
  $00007FF66F538C49 line 114, column 36 of lclmessageglue.pas in C:\Program Files\Double Commander\doublecmd.exe
  $00007FF66F454F41 line 2642, column 38 of win32/win32callback.inc in C:\Program Files\Double Commander\doublecmd.exe
  $00007FF66F45571F line 2807, column 19 of win32/win32callback.inc in C:\Program Files\Double Commander\doublecmd.exe
  $00007FFB4E54B643 in C:\WINDOWS\System32\USER32.dll
  $00007FFB4E5491CD in C:\WINDOWS\System32\USER32.dll
  $00007FFB49F8BC16 in C:\WINDOWS\SYSTEM32\windows.storage.dll

--------------- 04-04-2025, 16:38:00 ---------------
| DC v1.1.22 gamma Rev. 662 -- x86_64-Win64-win32/win64
| Windows 11 24H2 x86_64 | PID 12348
Unhandled exception: EAccessViolation: Access violation
  Stack trace:
  $0000000100010001 in C:\Program Files\Double Commander\doublecmd.exe
  $00007FF66F54AFEF line 7720, column 30 of grids.pas in C:\Program Files\Double Commander\doublecmd.exe
  $00007FF66F556F46 line 11081, column 24 of grids.pas in C:\Program Files\Double Commander\doublecmd.exe
  $00007FF66F825F0E line 2315, column 3 of fileviews/ucolumnsfileview.pas in C:\Program Files\Double Commander\doublecmd.exe
  $00007FF66F47C70E line 5707, column 14 of include/wincontrol.inc in C:\Program Files\Double Commander\doublecmd.exe
  $00007FF66F47CA11 line 5838, column 7 of include/wincontrol.inc in C:\Program Files\Double Commander\doublecmd.exe
  $00007FF66F47F56D line 7206, column 6 of include/wincontrol.inc in C:\Program Files\Double Commander\doublecmd.exe
  $00007FF66F2D0F21 in C:\Program Files\Double Commander\doublecmd.exe
  $00007FF66F487B91 line 2304, column 24 of include/control.inc in C:\Program Files\Double Commander\doublecmd.exe
  $00007FF66F47BECD line 5434, column 28 of include/wincontrol.inc in C:\Program Files\Double Commander\doublecmd.exe
  $00007FF66F54367D line 5076, column 31 of grids.pas in C:\Program Files\Double Commander\doublecmd.exe
  $00007FF66F538C49 line 114, column 36 of lclmessageglue.pas in C:\Program Files\Double Commander\doublecmd.exe
  $00007FF66F454F41 line 2642, column 38 of win32/win32callback.inc in C:\Program Files\Double Commander\doublecmd.exe
  $00007FF66F45571F line 2807, column 19 of win32/win32callback.inc in C:\Program Files\Double Commander\doublecmd.exe
  $00007FFB4E54B643 in C:\WINDOWS\System32\USER32.dll
  $00007FFB4E5491CD in C:\WINDOWS\System32\USER32.dll
  $00007FF66F456921 line 420, column 37 of win32/win32object.inc in C:\Program Files\Double Commander\doublecmd.exe

--------------- 15-07-2025, 11:27:14 ---------------
| DC v1.1.22 gamma Rev. 662 -- x86_64-Win64-win32/win64
| Windows 11 24H2 x86_64 | PID 19316
Unhandled exception: Exception: Failed to create win32 control, error: 1400 : Invalid window handle.
  Stack trace:
  $00007FF71C905EBB line 226, column 18 of win32/win32wscontrols.pp in C:\Program Files\Double Commander\doublecmd.exe
  $00007FF71C92D6A6 line 508, column 3 of win32/win32wsforms.pp in C:\Program Files\Double Commander\doublecmd.exe
  $00007FF71C7110A1 line 652, column 12 of platform/win/uwin32widgetsetdark.pas in C:\Program Files\Double Commander\doublecmd.exe
  $00007FF71C8B02CD line 7538, column 37 of include/wincontrol.inc in C:\Program Files\Double Commander\doublecmd.exe
  $00007FF71C746A4C line 31, column 5 of include/scrollingwincontrol.inc in C:\Program Files\Double Commander\doublecmd.exe
  $00007FF71C74F55C line 2734, column 3 of include/customform.inc in C:\Program Files\Double Commander\doublecmd.exe
  $00007FF71C750735 line 3205, column 3 of include/customform.inc in C:\Program Files\Double Commander\doublecmd.exe
  $00007FF71C8AF9F7 line 7448, column 11 of include/wincontrol.inc in C:\Program Files\Double Commander\doublecmd.exe
  $00007FF71C8B0F31 line 7895, column 5 of include/wincontrol.inc in C:\Program Files\Double Commander\doublecmd.exe
  $00007FF71C8AE0B2 line 6522, column 3 of include/wincontrol.inc in C:\Program Files\Double Commander\doublecmd.exe
  $00007FF71C758B2A line 2116, column 6 of include/application.inc in C:\Program Files\Double Commander\doublecmd.exe
  $00007FF71C8ACB2C line 5786, column 8 of include/wincontrol.inc in C:\Program Files\Double Commander\doublecmd.exe
  $00007FF71C8ACA28 line 5843, column 8 of include/wincontrol.inc in C:\Program Files\Double Commander\doublecmd.exe
  $00007FF71C8AF56D line 7206, column 6 of include/wincontrol.inc in C:\Program Files\Double Commander\doublecmd.exe
  $00007FF71C700F21 in C:\Program Files\Double Commander\doublecmd.exe
  $00007FF71C8B7B91 line 2304, column 24 of include/control.inc in C:\Program Files\Double Commander\doublecmd.exe
  $00007FF71C8ABECD line 5434, column 28 of include/wincontrol.inc in C:\Program Files\Double Commander\doublecmd.exe

--------------- 15-07-2025, 11:27:25 ---------------
| DC v1.1.22 gamma Rev. 662 -- x86_64-Win64-win32/win64
| Windows 11 24H2 x86_64 | PID 19316
Unhandled exception: Exception: Failed to create win32 control, error: 1400 : Invalid window handle.
  Stack trace:
  $00007FF71C905EBB line 226, column 18 of win32/win32wscontrols.pp in C:\Program Files\Double Commander\doublecmd.exe
  $00007FF71C92D6A6 line 508, column 3 of win32/win32wsforms.pp in C:\Program Files\Double Commander\doublecmd.exe
  $00007FF71C7110A1 line 652, column 12 of platform/win/uwin32widgetsetdark.pas in C:\Program Files\Double Commander\doublecmd.exe
  $00007FF71C8B02CD line 7538, column 37 of include/wincontrol.inc in C:\Program Files\Double Commander\doublecmd.exe
  $00007FF71C746A4C line 31, column 5 of include/scrollingwincontrol.inc in C:\Program Files\Double Commander\doublecmd.exe
  $00007FF71C74F55C line 2734, column 3 of include/customform.inc in C:\Program Files\Double Commander\doublecmd.exe
  $00007FF71C750735 line 3205, column 3 of include/customform.inc in C:\Program Files\Double Commander\doublecmd.exe
  $00007FF71C8AF9F7 line 7448, column 11 of include/wincontrol.inc in C:\Program Files\Double Commander\doublecmd.exe
  $00007FF71C8B0F31 line 7895, column 5 of include/wincontrol.inc in C:\Program Files\Double Commander\doublecmd.exe
  $00007FF71C8AE0B2 line 6522, column 3 of include/wincontrol.inc in C:\Program Files\Double Commander\doublecmd.exe
  $00007FF71C758B2A line 2116, column 6 of include/application.inc in C:\Program Files\Double Commander\doublecmd.exe
  $00007FF71C8ACB2C line 5786, column 8 of include/wincontrol.inc in C:\Program Files\Double Commander\doublecmd.exe
  $00007FF71C8ACA28 line 5843, column 8 of include/wincontrol.inc in C:\Program Files\Double Commander\doublecmd.exe
  $00007FF71C8AF56D line 7206, column 6 of include/wincontrol.inc in C:\Program Files\Double Commander\doublecmd.exe
  $00007FF71C700F21 in C:\Program Files\Double Commander\doublecmd.exe
  $00007FF71C8B7B91 line 2304, column 24 of include/control.inc in C:\Program Files\Double Commander\doublecmd.exe
  $00007FF71C8ABECD line 5434, column 28 of include/wincontrol.inc in C:\Program Files\Double Commander\doublecmd.exe

