Assuming unrestricted shared filesystem usage.
host: UU120516
Building DAG of jobs...
Provided cores: 10
Rules claiming more threads will be scaled down.
Job stats:
job      count
-----  -------
Up_MM        1
all          1
total        2

Select jobs to execute...
Execute 1 jobs...

[Fri Jun  6 13:18:11 2025]
localrule Up_MM:
    input: C:/OD/WS_Mdl/models/NBr/code/snakemake/temp/Log_PRJ_to_TIF_done_NBr16, C:/OD/WS_Mdl/models/NBr/code/snakemake/temp/Log_GXG_done_NBr16
    output: C:/OD/WS_Mdl/models/NBr/code/snakemake/temp/Log_Up_MM_done_NBr16
    jobid: 6
    reason: Missing output files: C:/OD/WS_Mdl/models/NBr/code/snakemake/temp/Log_Up_MM_done_NBr16
    resources: tmpdir=C:\Users\Karam014\AppData\Local\Temp
Shell command: None
[Fri Jun  6 13:18:13 2025]
Finished jobid: 6 (Rule: Up_MM)
1 of 2 steps (50%) done
Removing temporary output C:/OD/WS_Mdl/models/NBr/code/snakemake/temp/Log_PRJ_to_TIF_done_NBr16.
Removing temporary output C:/OD/WS_Mdl/models/NBr/code/snakemake/temp/Log_GXG_done_NBr16.
Select jobs to execute...
Execute 1 jobs...

[Fri Jun  6 13:18:13 2025]
localrule all:
    input: C:/OD/WS_Mdl/models/NBr/code/snakemake/temp/Log_Sim_done_NBr16, C:/OD/WS_Mdl/models/NBr/code/snakemake/temp/Log_Up_MM_done_NBr16
    jobid: 0
    reason: Input files updated by another job: C:/OD/WS_Mdl/models/NBr/code/snakemake/temp/Log_Up_MM_done_NBr16
    resources: tmpdir=C:\Users\Karam014\AppData\Local\Temp
Shell command: None
[Fri Jun  6 13:18:13 2025]
Finished jobid: 0 (Rule: all)
2 of 2 steps (100%) done
Complete log(s): C:\OD\WS_Mdl\models\NBr\.snakemake\log\2025-06-06T131811.704487.snakemake.log
********************************************************************************


 *****   Creating MM for NBr16   ***** 
Copied QGIS project from C:/OD/WS_Mdl\models/NBr\PoP\Out\NBr12\MM-NBr12.qgz to C:/OD/WS_Mdl\models/NBr\PoP\Out\NBr16\MM-NBr16.qgz.
Updating layer path ...

🟢 MM for NBr16 has been updated.


end_of_transmission
********************************************************************************

