Assuming unrestricted shared filesystem usage.
host: UU120516
Building DAG of jobs...
Provided cores: 10
Rules claiming more threads will be scaled down.
Job stats:
job                count
---------------  -------
all                    1
freeze_pixi_env        1
log_Init               1
total                  3

Select jobs to execute...
Execute 2 jobs...

[Thu Aug  7 16:12:38 2025]
localrule freeze_pixi_env:
    output: C:/OD/WS_Mdl/models/NBr/code/snakemake/temp/Log_freeze_env_NBr32
    jobid: 2
    reason: Missing output files: C:/OD/WS_Mdl/models/NBr/code/snakemake/temp/Log_freeze_env_NBr32
    resources: tmpdir=C:\Users\Karam014\AppData\Local\Temp
Shell command: None

[Thu Aug  7 16:12:38 2025]
localrule log_Init:
    output: C:/OD/WS_Mdl/models/NBr/code/snakemake/temp/Log_init_NBr32
    jobid: 1
    reason: Missing output files: C:/OD/WS_Mdl/models/NBr/code/snakemake/temp/Log_init_NBr32
    resources: tmpdir=C:\Users\Karam014\AppData\Local\Temp
Shell command: None
[Thu Aug  7 16:12:38 2025]
Finished jobid: 1 (Rule: log_Init)
1 of 3 steps (33%) done
[main a6cd618] NBr32 env snapshot - 2025-08-07 16:12:38
 3 files changed, 103 insertions(+), 100 deletions(-)
[Thu Aug  7 16:12:38 2025]
Finished jobid: 2 (Rule: freeze_pixi_env)
2 of 3 steps (67%) done
Select jobs to execute...
Execute 1 jobs...

[Thu Aug  7 16:12:38 2025]
localrule all:
    input: C:/OD/WS_Mdl/models/NBr/code/snakemake/temp/Log_init_NBr32, C:/OD/WS_Mdl/models/NBr/code/snakemake/temp/Log_freeze_env_NBr32
    jobid: 0
    reason: Input files updated by another job: C:/OD/WS_Mdl/models/NBr/code/snakemake/temp/Log_init_NBr32, C:/OD/WS_Mdl/models/NBr/code/snakemake/temp/Log_freeze_env_NBr32
    resources: tmpdir=C:\Users\Karam014\AppData\Local\Temp
Shell command: None
[Thu Aug  7 16:12:38 2025]
Finished jobid: 0 (Rule: all)
3 of 3 steps (100%) done
Complete log(s): C:\OD\WS_Mdl\models\NBr\.snakemake\log\2025-08-07T161238.324827.snakemake.log
游릭 - INI file C:/OD/WS_Mdl\models/NBr\code/Mdl_Prep/Mdl_Prep_NBr32.ini read successfully. Dictionary created with 21 keys.
Repo root: C:/Users/Karam014/OneDrive - Universiteit Utrecht/WS_Mdl
游릭 Changes detected:
M code/WS_Mdl/geo.py
MM code/WS_Mdl/utils.py
 M code/WS_Mdl/utils_imod.py
游릭 Staged changes.
游릭游릭游릭 Committed changes with message: 'NBr32 env snapshot - 2025-08-07 16:12:38'
游릭 Commit hash: a6cd6187fde268ed029f089ddc22346719c7eb4b
丘쀮잺 No tag found for this commit. Only the hash will be recorded.
