Assuming unrestricted shared filesystem usage.
host: ws6-waterscapei
Building DAG of jobs...
Provided cores: 1 (use --cores to define parallelism)
Rules claiming more threads will be scaled down.
Job stats:
job                 count
----------------  -------
Mdl_Prep                1
Sim                     1
add_DRN_OBS_copy        1
add_HD_OBS_WEL          1
add_RIV_OBS_copy        1
all                     1
freeze_pixi_env         1
log_Init                1
total                   8

Select jobs to execute...
Execute 1 jobs...

[Mon Feb 16 12:04:23 2026]
localrule freeze_pixi_env:
    input: G:/pixi.toml, G:/pixi.lock, G:/code/WS_Mdl
    output: G:/models/NBr/code/snakemake/temp/Log_freeze_env_NBr49
    jobid: 7
    reason: Missing output files: G:/models/NBr/code/snakemake/temp/Log_freeze_env_NBr49
    resources: tmpdir=C:\Users\MKARAM~1\AppData\Local\Temp\2
Shell command: None
warning: in the working copy of 'pixi.lock', LF will be replaced by CRLF the next time Git touches it
[main 8dc6dac] #auto NBr49 env snapshot - 2026-02-16 12:04:23
 Committer: unknown <mkarampasi@src.local>
Your name and email address were configured automatically based
on your username and hostname. Please check that they are accurate.
You can suppress this message by setting them explicitly:

    git config --global user.name "Your Name"
    git config --global user.email you@example.com

After doing this, you may fix the identity used for this commit with:

    git commit --amend --reset-author

 1 file changed, 841 insertions(+), 783 deletions(-)
[Mon Feb 16 12:04:24 2026]
Finished jobid: 7 (Rule: freeze_pixi_env)
1 of 8 steps (12%) done
Select jobs to execute...
Execute 1 jobs...

[Mon Feb 16 12:04:24 2026]
localrule log_Init:
    output: G:/models/NBr/code/snakemake/temp/Log_init_NBr49
    jobid: 4
    reason: Missing output files: G:/models/NBr/code/snakemake/temp/Log_init_NBr49
    resources: tmpdir=C:\Users\MKARAM~1\AppData\Local\Temp\2
Shell command: None
[Mon Feb 16 12:04:24 2026]
Finished jobid: 4 (Rule: log_Init)
2 of 8 steps (25%) done
Select jobs to execute...
Execute 1 jobs...

[Mon Feb 16 12:04:24 2026]
localrule Mdl_Prep:
    input: G:/models/NBr/code/snakemake/temp/Log_init_NBr49, code/Mdl_Prep/Mdl_Prep_NBr49.bat, code/Mdl_Prep/Mdl_Prep_NBr49.ini, In/PRJ/NBr49.prj
    output: G:/models/NBr/Sim/NBr49/RUN.BAT
    jobid: 3
    reason: Missing output files: G:/models/NBr/Sim/NBr49/RUN.BAT; Input files updated by another job: G:/models/NBr/code/snakemake/temp/Log_init_NBr49
    resources: tmpdir=C:\Users\MKARAM~1\AppData\Local\Temp\2
Shell command: call code/Mdl_Prep/Mdl_Prep_NBr49.bat

 ==================================================
 Running iMOD: 
  exe: G:\software\iMOD5\imod_r.exe
  dir: G:\models\NBr\code\Mdl_Prep
 ==================================================

Waiting at most 5 seconds for missing files:
G:/models/NBr/Sim/NBr49/RUN.BAT (missing locally)
MissingOutputException in rule Mdl_Prep in file "G:\models\NBr\code\snakemake\NBr49.smk", line 102:
Job 3  completed successfully, but some output files are missing. Missing files after 5 seconds. This might be due to filesystem latency. If that is the case, consider to increase the wait time with --latency-wait:
G:/models/NBr/Sim/NBr49/RUN.BAT (missing locally, parent dir contents: )
Shutting down, this might take some time.
Exiting because a job execution failed. Look below for error messages
[Mon Feb 16 12:37:57 2026]
Error in rule Mdl_Prep:
    message: None
    jobid: 3
    input: G:/models/NBr/code/snakemake/temp/Log_init_NBr49, code/Mdl_Prep/Mdl_Prep_NBr49.bat, code/Mdl_Prep/Mdl_Prep_NBr49.ini, In/PRJ/NBr49.prj
    output: G:/models/NBr/Sim/NBr49/RUN.BAT
    shell:
        call code/Mdl_Prep/Mdl_Prep_NBr49.bat
        (command exited with non-zero exit code)
Complete log(s): G:\models\NBr\.snakemake\log\2026-02-16T120422.480330.snakemake.log
WorkflowError:
At least one job did not complete successfully.
Repo root: G:/
游릭 Changes detected:
M pixi.lock
游릭 Staged changes.
游릭 Commit hash: 8dc6dac670461afde21f7cf59bad2d637728f358
游릭 Tag: v0.7.12.merge-153-g8dc6dac
游릭游릭游릭 Committed changes with message: '#auto NBr49 env snapshot - 2026-02-16 12:04:23'
Could not determine imod version Sim/NBr49 folder doesn't exist, or it's structure has been modified.
 Proceeding with the assumption that it's imod_python.
Could not determine imod version Sim/NBr49 folder doesn't exist, or it's structure has been modified.
 Proceeding with the assumption that it's imod_python.
游릭 - INI file G:/models/NBr\code/Mdl_Prep/Mdl_Prep_NBr49.ini read successfully. Dictionary created with 21 keys.
