Assuming unrestricted shared filesystem usage.
host: UU120516
Building DAG of jobs...
Provided cores: 10
Rules claiming more threads will be scaled down.
Job stats:
job      count
-----  -------
Sim          1
all          1
total        2

Select jobs to execute...
Execute 1 jobs...
[Tue Nov 25 11:12:47 2025]
localrule Sim:
    input: G:/models/NBr/Sim/NBr39/GWF_1/MODELINPUT/NBr39.OBS6, G:/models/NBr/Sim/NBr39/GWF_1/MODELINPUT/NBr39.RIV.OBS6, G:/models/NBr/Sim/NBr39/GWF_1/MODELINPUT/NBr39.DRN.OBS6
    output: G:/models/NBr/code/snakemake/temp/Log_Sim_NBr39
    jobid: 1
    reason: Missing output files: G:/models/NBr/code/snakemake/temp/Log_Sim_NBr39
    resources: tmpdir=C:\Users\Karam014\AppData\Local\Temp
Shell command: None
